<?xml version="1.0" encoding="UTF-8"?>
<!-- Generated by org.testng.reporters.JUnitReportReporter -->
<testsuite hostname="Durgaprasad" failures="0" tests="1" name="dp.tests.RegisterTest" time="14.715" errors="0" timestamp="2025-07-30T00:46:53 IST" skipped="0">
  <testcase classname="dp.tests.RegisterTest" name="registerNewUser" time="14.715"/>
</testsuite> <!-- dp.tests.RegisterTest -->
