<?xml version="1.0" encoding="UTF-8"?>
<!-- Generated by org.testng.reporters.JUnitReportReporter -->
<testsuite hostname="Durgaprasad" failures="0" tests="1" name="dp.tests.ProperTest" time="125.645" errors="0" timestamp="2025-07-30T23:24:39 IST" skipped="0">
  <testcase classname="dp.tests.ProperTest" name="registerNewUser" time="125.645"/>
</testsuite> <!-- dp.tests.ProperTest -->
